nohup: ignoring input
Attaching SeuratObject
Registered S3 method overwritten by 'cli':
  method     from         
  print.boxx spatstat.geom
── Attaching packages ─────────────────────────────────────── tidyverse 1.3.1 ──
✔ ggplot2 3.3.5     ✔ purrr   0.3.4
✔ tibble  3.1.2     ✔ dplyr   1.0.7
✔ tidyr   1.1.3     ✔ stringr 1.4.0
✔ readr   1.4.0     ✔ forcats 0.5.1
── Conflicts ────────────────────────────────────────── tidyverse_conflicts() ──
✖ dplyr::filter() masks stats::filter()
✖ dplyr::lag()    masks stats::lag()
[1] "############ ------------- nichenet --------------- ############"
[1] ">>> loading library and data <<< [2022-08-03 01:24:40]"
[1] ">>> generate seurat object <<< [2022-08-03 01:25:11]"
[1] ">>> start Nichenet workflow for each cell types <<< [2022-08-03 01:25:12]"
[1] ">>> Endothelial_Epithelial start <<< [2022-08-03 01:25:12]"
[1] ">>> Endothelial_Epithelial write <<< [2022-08-03 01:25:17]"
[1] ">>> Endothelial_Epithelial finish <<< [2022-08-03 01:25:17]"
[1] ">>> Endothelial_Epithelial strict write <<< [2022-08-03 01:25:17]"
[1] ">>> Endothelial_Epithelial strict finish <<< [2022-08-03 01:25:17]"
[1] ">>> Endothelial_Fibroblasts start <<< [2022-08-03 01:25:17]"
[1] ">>> Endothelial_Fibroblasts write <<< [2022-08-03 01:25:20]"
[1] ">>> Endothelial_Fibroblasts finish <<< [2022-08-03 01:25:20]"
[1] ">>> Endothelial_Fibroblasts strict write <<< [2022-08-03 01:25:20]"
[1] ">>> Endothelial_Fibroblasts strict finish <<< [2022-08-03 01:25:20]"
[1] ">>> Endothelial_Immune start <<< [2022-08-03 01:25:20]"
[1] ">>> Endothelial_Immune write <<< [2022-08-03 01:25:22]"
[1] ">>> Endothelial_Immune finish <<< [2022-08-03 01:25:22]"
[1] ">>> Endothelial_Immune strict write <<< [2022-08-03 01:25:22]"
[1] ">>> Endothelial_Immune strict finish <<< [2022-08-03 01:25:22]"
[1] ">>> Endothelial_Muscle start <<< [2022-08-03 01:25:22]"
[1] ">>> Endothelial_Muscle write <<< [2022-08-03 01:25:25]"
[1] ">>> Endothelial_Muscle finish <<< [2022-08-03 01:25:25]"
[1] ">>> Endothelial_Muscle strict write <<< [2022-08-03 01:25:25]"
[1] ">>> Endothelial_Muscle strict finish <<< [2022-08-03 01:25:25]"
[1] ">>> Endothelial_Myofibroblast_Mesothelium start <<< [2022-08-03 01:25:25]"
[1] ">>> Endothelial_Myofibroblast_Mesothelium write <<< [2022-08-03 01:25:28]"
[1] ">>> Endothelial_Myofibroblast_Mesothelium finish <<< [2022-08-03 01:25:28]"
[1] ">>> Endothelial_Myofibroblast_Mesothelium strict write <<< [2022-08-03 01:25:28]"
[1] ">>> Endothelial_Myofibroblast_Mesothelium strict finish <<< [2022-08-03 01:25:28]"
[1] ">>> Endothelial_Neural start <<< [2022-08-03 01:25:28]"
[1] ">>> Endothelial_Neural write <<< [2022-08-03 01:25:31]"
[1] ">>> Endothelial_Neural finish <<< [2022-08-03 01:25:31]"
[1] ">>> Endothelial_Neural strict write <<< [2022-08-03 01:25:31]"
[1] ">>> Endothelial_Neural strict finish <<< [2022-08-03 01:25:31]"
[1] ">>> Endothelial_Pericytes start <<< [2022-08-03 01:25:31]"
[1] ">>> Endothelial_Pericytes write <<< [2022-08-03 01:25:35]"
[1] ">>> Endothelial_Pericytes finish <<< [2022-08-03 01:25:35]"
[1] ">>> Endothelial_Pericytes strict write <<< [2022-08-03 01:25:35]"
[1] ">>> Endothelial_Pericytes strict finish <<< [2022-08-03 01:25:35]"
[1] ">>> Epithelial_Endothelial start <<< [2022-08-03 01:25:35]"
[1] ">>> Epithelial_Endothelial write <<< [2022-08-03 01:25:40]"
[1] ">>> Epithelial_Endothelial finish <<< [2022-08-03 01:25:40]"
[1] ">>> Epithelial_Endothelial strict write <<< [2022-08-03 01:25:40]"
[1] ">>> Epithelial_Endothelial strict finish <<< [2022-08-03 01:25:40]"
[1] ">>> Epithelial_Fibroblasts start <<< [2022-08-03 01:25:40]"
[1] ">>> Epithelial_Fibroblasts write <<< [2022-08-03 01:25:45]"
[1] ">>> Epithelial_Fibroblasts finish <<< [2022-08-03 01:25:45]"
[1] ">>> Epithelial_Fibroblasts strict write <<< [2022-08-03 01:25:45]"
[1] ">>> Epithelial_Fibroblasts strict finish <<< [2022-08-03 01:25:45]"
[1] ">>> Epithelial_Immune start <<< [2022-08-03 01:25:45]"
[1] ">>> Epithelial_Immune write <<< [2022-08-03 01:25:47]"
[1] ">>> Epithelial_Immune finish <<< [2022-08-03 01:25:47]"
[1] ">>> Epithelial_Immune strict write <<< [2022-08-03 01:25:47]"
[1] ">>> Epithelial_Immune strict finish <<< [2022-08-03 01:25:47]"
[1] ">>> Epithelial_Muscle start <<< [2022-08-03 01:25:47]"
[1] ">>> Epithelial_Muscle write <<< [2022-08-03 01:25:50]"
[1] ">>> Epithelial_Muscle finish <<< [2022-08-03 01:25:50]"
[1] ">>> Epithelial_Muscle strict write <<< [2022-08-03 01:25:50]"
[1] ">>> Epithelial_Muscle strict finish <<< [2022-08-03 01:25:50]"
[1] ">>> Epithelial_Myofibroblast_Mesothelium start <<< [2022-08-03 01:25:50]"
[1] ">>> Epithelial_Myofibroblast_Mesothelium write <<< [2022-08-03 01:25:55]"
[1] ">>> Epithelial_Myofibroblast_Mesothelium finish <<< [2022-08-03 01:25:55]"
[1] ">>> Epithelial_Myofibroblast_Mesothelium strict write <<< [2022-08-03 01:25:55]"
[1] ">>> Epithelial_Myofibroblast_Mesothelium strict finish <<< [2022-08-03 01:25:55]"
[1] ">>> Epithelial_Neural start <<< [2022-08-03 01:25:55]"
[1] ">>> Epithelial_Neural write <<< [2022-08-03 01:25:58]"
[1] ">>> Epithelial_Neural finish <<< [2022-08-03 01:25:58]"
[1] ">>> Epithelial_Neural strict write <<< [2022-08-03 01:25:58]"
[1] ">>> Epithelial_Neural strict finish <<< [2022-08-03 01:25:58]"
[1] ">>> Epithelial_Pericytes start <<< [2022-08-03 01:25:58]"
[1] ">>> Epithelial_Pericytes write <<< [2022-08-03 01:26:02]"
[1] ">>> Epithelial_Pericytes finish <<< [2022-08-03 01:26:02]"
[1] ">>> Epithelial_Pericytes strict write <<< [2022-08-03 01:26:02]"
[1] ">>> Epithelial_Pericytes strict finish <<< [2022-08-03 01:26:02]"
[1] ">>> Fibroblasts_Endothelial start <<< [2022-08-03 01:26:02]"
[1] ">>> Fibroblasts_Endothelial write <<< [2022-08-03 01:26:06]"
[1] ">>> Fibroblasts_Endothelial finish <<< [2022-08-03 01:26:06]"
[1] ">>> Fibroblasts_Endothelial strict write <<< [2022-08-03 01:26:06]"
[1] ">>> Fibroblasts_Endothelial strict finish <<< [2022-08-03 01:26:06]"
[1] ">>> Fibroblasts_Epithelial start <<< [2022-08-03 01:26:06]"
[1] ">>> Fibroblasts_Epithelial write <<< [2022-08-03 01:26:11]"
[1] ">>> Fibroblasts_Epithelial finish <<< [2022-08-03 01:26:11]"
[1] ">>> Fibroblasts_Epithelial strict write <<< [2022-08-03 01:26:11]"
[1] ">>> Fibroblasts_Epithelial strict finish <<< [2022-08-03 01:26:11]"
[1] ">>> Fibroblasts_Immune start <<< [2022-08-03 01:26:11]"
[1] ">>> Fibroblasts_Immune write <<< [2022-08-03 01:26:13]"
[1] ">>> Fibroblasts_Immune finish <<< [2022-08-03 01:26:13]"
[1] ">>> Fibroblasts_Immune strict write <<< [2022-08-03 01:26:13]"
[1] ">>> Fibroblasts_Immune strict finish <<< [2022-08-03 01:26:13]"
[1] ">>> Fibroblasts_Muscle start <<< [2022-08-03 01:26:13]"
[1] ">>> Fibroblasts_Muscle write <<< [2022-08-03 01:26:16]"
[1] ">>> Fibroblasts_Muscle finish <<< [2022-08-03 01:26:16]"
[1] ">>> Fibroblasts_Muscle strict write <<< [2022-08-03 01:26:16]"
[1] ">>> Fibroblasts_Muscle strict finish <<< [2022-08-03 01:26:16]"
[1] ">>> Fibroblasts_Myofibroblast_Mesothelium start <<< [2022-08-03 01:26:16]"
[1] ">>> Fibroblasts_Myofibroblast_Mesothelium write <<< [2022-08-03 01:26:19]"
[1] ">>> Fibroblasts_Myofibroblast_Mesothelium finish <<< [2022-08-03 01:26:19]"
[1] ">>> Fibroblasts_Myofibroblast_Mesothelium strict write <<< [2022-08-03 01:26:19]"
[1] ">>> Fibroblasts_Myofibroblast_Mesothelium strict finish <<< [2022-08-03 01:26:19]"
[1] ">>> Fibroblasts_Neural start <<< [2022-08-03 01:26:19]"
[1] ">>> Fibroblasts_Neural write <<< [2022-08-03 01:26:22]"
[1] ">>> Fibroblasts_Neural finish <<< [2022-08-03 01:26:22]"
[1] ">>> Fibroblasts_Neural strict write <<< [2022-08-03 01:26:22]"
[1] ">>> Fibroblasts_Neural strict finish <<< [2022-08-03 01:26:22]"
[1] ">>> Fibroblasts_Pericytes start <<< [2022-08-03 01:26:22]"
[1] ">>> Fibroblasts_Pericytes write <<< [2022-08-03 01:26:25]"
[1] ">>> Fibroblasts_Pericytes finish <<< [2022-08-03 01:26:25]"
[1] ">>> Fibroblasts_Pericytes strict write <<< [2022-08-03 01:26:25]"
[1] ">>> Fibroblasts_Pericytes strict finish <<< [2022-08-03 01:26:25]"
[1] ">>> Immune_Endothelial start <<< [2022-08-03 01:26:25]"
[1] ">>> Immune_Endothelial write <<< [2022-08-03 01:26:29]"
[1] ">>> Immune_Endothelial finish <<< [2022-08-03 01:26:29]"
[1] ">>> Immune_Endothelial strict write <<< [2022-08-03 01:26:29]"
[1] ">>> Immune_Endothelial strict finish <<< [2022-08-03 01:26:29]"
[1] ">>> Immune_Epithelial start <<< [2022-08-03 01:26:29]"
[1] ">>> Immune_Epithelial write <<< [2022-08-03 01:26:32]"
[1] ">>> Immune_Epithelial finish <<< [2022-08-03 01:26:32]"
[1] ">>> Immune_Epithelial strict write <<< [2022-08-03 01:26:32]"
[1] ">>> Immune_Epithelial strict finish <<< [2022-08-03 01:26:32]"
[1] ">>> Immune_Fibroblasts start <<< [2022-08-03 01:26:32]"
[1] ">>> Immune_Fibroblasts write <<< [2022-08-03 01:26:34]"
[1] ">>> Immune_Fibroblasts finish <<< [2022-08-03 01:26:34]"
[1] ">>> Immune_Fibroblasts strict write <<< [2022-08-03 01:26:34]"
[1] ">>> Immune_Fibroblasts strict finish <<< [2022-08-03 01:26:34]"
[1] ">>> Immune_Muscle start <<< [2022-08-03 01:26:34]"
[1] ">>> Immune_Muscle write <<< [2022-08-03 01:26:36]"
[1] ">>> Immune_Muscle finish <<< [2022-08-03 01:26:36]"
[1] ">>> Immune_Muscle strict write <<< [2022-08-03 01:26:36]"
[1] ">>> Immune_Muscle strict finish <<< [2022-08-03 01:26:36]"
[1] ">>> Immune_Myofibroblast_Mesothelium start <<< [2022-08-03 01:26:36]"
[1] ">>> Immune_Myofibroblast_Mesothelium write <<< [2022-08-03 01:26:38]"
[1] ">>> Immune_Myofibroblast_Mesothelium finish <<< [2022-08-03 01:26:38]"
[1] ">>> Immune_Myofibroblast_Mesothelium strict write <<< [2022-08-03 01:26:38]"
[1] ">>> Immune_Myofibroblast_Mesothelium strict finish <<< [2022-08-03 01:26:38]"
[1] ">>> Immune_Neural start <<< [2022-08-03 01:26:38]"
[1] ">>> Immune_Neural write <<< [2022-08-03 01:26:39]"
[1] ">>> Immune_Neural finish <<< [2022-08-03 01:26:39]"
[1] ">>> Immune_Neural strict write <<< [2022-08-03 01:26:39]"
[1] ">>> Immune_Neural strict finish <<< [2022-08-03 01:26:39]"
[1] ">>> Immune_Pericytes start <<< [2022-08-03 01:26:39]"
[1] ">>> Immune_Pericytes write <<< [2022-08-03 01:26:41]"
[1] ">>> Immune_Pericytes finish <<< [2022-08-03 01:26:41]"
[1] ">>> Immune_Pericytes strict write <<< [2022-08-03 01:26:41]"
[1] ">>> Immune_Pericytes strict finish <<< [2022-08-03 01:26:41]"
[1] ">>> Muscle_Endothelial start <<< [2022-08-03 01:26:41]"
[1] ">>> Muscle_Endothelial write <<< [2022-08-03 01:26:45]"
[1] ">>> Muscle_Endothelial finish <<< [2022-08-03 01:26:45]"
[1] ">>> Muscle_Endothelial strict write <<< [2022-08-03 01:26:45]"
[1] ">>> Muscle_Endothelial strict finish <<< [2022-08-03 01:26:45]"
[1] ">>> Muscle_Epithelial start <<< [2022-08-03 01:26:45]"
[1] ">>> Muscle_Epithelial write <<< [2022-08-03 01:26:49]"
[1] ">>> Muscle_Epithelial finish <<< [2022-08-03 01:26:49]"
[1] ">>> Muscle_Epithelial strict write <<< [2022-08-03 01:26:49]"
[1] ">>> Muscle_Epithelial strict finish <<< [2022-08-03 01:26:49]"
[1] ">>> Muscle_Fibroblasts start <<< [2022-08-03 01:26:49]"
[1] ">>> Muscle_Fibroblasts write <<< [2022-08-03 01:26:52]"
[1] ">>> Muscle_Fibroblasts finish <<< [2022-08-03 01:26:52]"
[1] ">>> Muscle_Fibroblasts strict write <<< [2022-08-03 01:26:52]"
[1] ">>> Muscle_Fibroblasts strict finish <<< [2022-08-03 01:26:52]"
[1] ">>> Muscle_Immune start <<< [2022-08-03 01:26:52]"
[1] ">>> Muscle_Immune write <<< [2022-08-03 01:26:53]"
[1] ">>> Muscle_Immune finish <<< [2022-08-03 01:26:53]"
[1] ">>> Muscle_Immune strict write <<< [2022-08-03 01:26:53]"
[1] ">>> Muscle_Immune strict finish <<< [2022-08-03 01:26:53]"
[1] ">>> Muscle_Myofibroblast_Mesothelium start <<< [2022-08-03 01:26:53]"
[1] ">>> Muscle_Myofibroblast_Mesothelium write <<< [2022-08-03 01:26:56]"
[1] ">>> Muscle_Myofibroblast_Mesothelium finish <<< [2022-08-03 01:26:56]"
[1] ">>> Muscle_Myofibroblast_Mesothelium strict write <<< [2022-08-03 01:26:56]"
[1] ">>> Muscle_Myofibroblast_Mesothelium strict finish <<< [2022-08-03 01:26:56]"
[1] ">>> Muscle_Neural start <<< [2022-08-03 01:26:56]"
[1] ">>> Muscle_Neural write <<< [2022-08-03 01:26:59]"
[1] ">>> Muscle_Neural finish <<< [2022-08-03 01:26:59]"
[1] ">>> Muscle_Neural strict write <<< [2022-08-03 01:26:59]"
[1] ">>> Muscle_Neural strict finish <<< [2022-08-03 01:26:59]"
[1] ">>> Muscle_Pericytes start <<< [2022-08-03 01:26:59]"
[1] ">>> Muscle_Pericytes write <<< [2022-08-03 01:27:02]"
[1] ">>> Muscle_Pericytes finish <<< [2022-08-03 01:27:02]"
[1] ">>> Muscle_Pericytes strict write <<< [2022-08-03 01:27:02]"
[1] ">>> Muscle_Pericytes strict finish <<< [2022-08-03 01:27:02]"
[1] ">>> Myofibroblast_Mesothelium_Endothelial start <<< [2022-08-03 01:27:02]"
[1] ">>> Myofibroblast_Mesothelium_Endothelial write <<< [2022-08-03 01:27:06]"
[1] ">>> Myofibroblast_Mesothelium_Endothelial finish <<< [2022-08-03 01:27:06]"
[1] ">>> Myofibroblast_Mesothelium_Endothelial strict write <<< [2022-08-03 01:27:06]"
[1] ">>> Myofibroblast_Mesothelium_Endothelial strict finish <<< [2022-08-03 01:27:06]"
[1] ">>> Myofibroblast_Mesothelium_Epithelial start <<< [2022-08-03 01:27:06]"
[1] ">>> Myofibroblast_Mesothelium_Epithelial write <<< [2022-08-03 01:27:11]"
[1] ">>> Myofibroblast_Mesothelium_Epithelial finish <<< [2022-08-03 01:27:11]"
[1] ">>> Myofibroblast_Mesothelium_Epithelial strict write <<< [2022-08-03 01:27:11]"
[1] ">>> Myofibroblast_Mesothelium_Epithelial strict finish <<< [2022-08-03 01:27:11]"
[1] ">>> Myofibroblast_Mesothelium_Fibroblasts start <<< [2022-08-03 01:27:11]"
[1] ">>> Myofibroblast_Mesothelium_Fibroblasts write <<< [2022-08-03 01:27:14]"
[1] ">>> Myofibroblast_Mesothelium_Fibroblasts finish <<< [2022-08-03 01:27:14]"
[1] ">>> Myofibroblast_Mesothelium_Fibroblasts strict write <<< [2022-08-03 01:27:14]"
[1] ">>> Myofibroblast_Mesothelium_Fibroblasts strict finish <<< [2022-08-03 01:27:14]"
[1] ">>> Myofibroblast_Mesothelium_Immune start <<< [2022-08-03 01:27:14]"
[1] ">>> Myofibroblast_Mesothelium_Immune write <<< [2022-08-03 01:27:16]"
[1] ">>> Myofibroblast_Mesothelium_Immune finish <<< [2022-08-03 01:27:16]"
[1] ">>> Myofibroblast_Mesothelium_Immune strict write <<< [2022-08-03 01:27:16]"
[1] ">>> Myofibroblast_Mesothelium_Immune strict finish <<< [2022-08-03 01:27:16]"
[1] ">>> Myofibroblast_Mesothelium_Muscle start <<< [2022-08-03 01:27:16]"
[1] ">>> Myofibroblast_Mesothelium_Muscle write <<< [2022-08-03 01:27:18]"
[1] ">>> Myofibroblast_Mesothelium_Muscle finish <<< [2022-08-03 01:27:18]"
[1] ">>> Myofibroblast_Mesothelium_Muscle strict write <<< [2022-08-03 01:27:18]"
[1] ">>> Myofibroblast_Mesothelium_Muscle strict finish <<< [2022-08-03 01:27:18]"
[1] ">>> Myofibroblast_Mesothelium_Neural start <<< [2022-08-03 01:27:18]"
[1] ">>> Myofibroblast_Mesothelium_Neural write <<< [2022-08-03 01:27:21]"
[1] ">>> Myofibroblast_Mesothelium_Neural finish <<< [2022-08-03 01:27:21]"
[1] ">>> Myofibroblast_Mesothelium_Neural strict write <<< [2022-08-03 01:27:21]"
[1] ">>> Myofibroblast_Mesothelium_Neural strict finish <<< [2022-08-03 01:27:21]"
[1] ">>> Myofibroblast_Mesothelium_Pericytes start <<< [2022-08-03 01:27:21]"
[1] ">>> Myofibroblast_Mesothelium_Pericytes write <<< [2022-08-03 01:27:24]"
[1] ">>> Myofibroblast_Mesothelium_Pericytes finish <<< [2022-08-03 01:27:24]"
[1] ">>> Myofibroblast_Mesothelium_Pericytes strict write <<< [2022-08-03 01:27:24]"
[1] ">>> Myofibroblast_Mesothelium_Pericytes strict finish <<< [2022-08-03 01:27:24]"
[1] ">>> Neural_Endothelial start <<< [2022-08-03 01:27:24]"
[1] ">>> Neural_Endothelial write <<< [2022-08-03 01:27:29]"
[1] ">>> Neural_Endothelial finish <<< [2022-08-03 01:27:29]"
[1] ">>> Neural_Endothelial strict write <<< [2022-08-03 01:27:29]"
[1] ">>> Neural_Endothelial strict finish <<< [2022-08-03 01:27:29]"
[1] ">>> Neural_Epithelial start <<< [2022-08-03 01:27:29]"
[1] ">>> Neural_Epithelial write <<< [2022-08-03 01:27:33]"
[1] ">>> Neural_Epithelial finish <<< [2022-08-03 01:27:33]"
[1] ">>> Neural_Epithelial strict write <<< [2022-08-03 01:27:33]"
[1] ">>> Neural_Epithelial strict finish <<< [2022-08-03 01:27:33]"
[1] ">>> Neural_Fibroblasts start <<< [2022-08-03 01:27:33]"
[1] ">>> Neural_Fibroblasts write <<< [2022-08-03 01:27:37]"
[1] ">>> Neural_Fibroblasts finish <<< [2022-08-03 01:27:37]"
[1] ">>> Neural_Fibroblasts strict write <<< [2022-08-03 01:27:37]"
[1] ">>> Neural_Fibroblasts strict finish <<< [2022-08-03 01:27:37]"
[1] ">>> Neural_Immune start <<< [2022-08-03 01:27:37]"
[1] ">>> Neural_Immune write <<< [2022-08-03 01:27:38]"
[1] ">>> Neural_Immune finish <<< [2022-08-03 01:27:38]"
[1] ">>> Neural_Immune strict write <<< [2022-08-03 01:27:38]"
[1] ">>> Neural_Immune strict finish <<< [2022-08-03 01:27:38]"
[1] ">>> Neural_Muscle start <<< [2022-08-03 01:27:38]"
[1] ">>> Neural_Muscle write <<< [2022-08-03 01:27:41]"
[1] ">>> Neural_Muscle finish <<< [2022-08-03 01:27:41]"
[1] ">>> Neural_Muscle strict write <<< [2022-08-03 01:27:41]"
[1] ">>> Neural_Muscle strict finish <<< [2022-08-03 01:27:41]"
[1] ">>> Neural_Myofibroblast_Mesothelium start <<< [2022-08-03 01:27:41]"
[1] ">>> Neural_Myofibroblast_Mesothelium write <<< [2022-08-03 01:27:45]"
[1] ">>> Neural_Myofibroblast_Mesothelium finish <<< [2022-08-03 01:27:45]"
[1] ">>> Neural_Myofibroblast_Mesothelium strict write <<< [2022-08-03 01:27:45]"
[1] ">>> Neural_Myofibroblast_Mesothelium strict finish <<< [2022-08-03 01:27:45]"
[1] ">>> Neural_Pericytes start <<< [2022-08-03 01:27:45]"
[1] ">>> Neural_Pericytes write <<< [2022-08-03 01:27:48]"
[1] ">>> Neural_Pericytes finish <<< [2022-08-03 01:27:48]"
[1] ">>> Neural_Pericytes strict write <<< [2022-08-03 01:27:48]"
[1] ">>> Neural_Pericytes strict finish <<< [2022-08-03 01:27:48]"
[1] ">>> Pericytes_Endothelial start <<< [2022-08-03 01:27:48]"
[1] ">>> Pericytes_Endothelial write <<< [2022-08-03 01:27:53]"
[1] ">>> Pericytes_Endothelial finish <<< [2022-08-03 01:27:53]"
[1] ">>> Pericytes_Endothelial strict write <<< [2022-08-03 01:27:53]"
[1] ">>> Pericytes_Endothelial strict finish <<< [2022-08-03 01:27:53]"
[1] ">>> Pericytes_Epithelial start <<< [2022-08-03 01:27:53]"
[1] ">>> Pericytes_Epithelial write <<< [2022-08-03 01:27:58]"
[1] ">>> Pericytes_Epithelial finish <<< [2022-08-03 01:27:58]"
[1] ">>> Pericytes_Epithelial strict write <<< [2022-08-03 01:27:58]"
[1] ">>> Pericytes_Epithelial strict finish <<< [2022-08-03 01:27:58]"
[1] ">>> Pericytes_Fibroblasts start <<< [2022-08-03 01:27:58]"
[1] ">>> Pericytes_Fibroblasts write <<< [2022-08-03 01:28:01]"
[1] ">>> Pericytes_Fibroblasts finish <<< [2022-08-03 01:28:01]"
[1] ">>> Pericytes_Fibroblasts strict write <<< [2022-08-03 01:28:01]"
[1] ">>> Pericytes_Fibroblasts strict finish <<< [2022-08-03 01:28:01]"
[1] ">>> Pericytes_Immune start <<< [2022-08-03 01:28:01]"
[1] ">>> Pericytes_Immune write <<< [2022-08-03 01:28:02]"
[1] ">>> Pericytes_Immune finish <<< [2022-08-03 01:28:02]"
[1] ">>> Pericytes_Immune strict write <<< [2022-08-03 01:28:02]"
[1] ">>> Pericytes_Immune strict finish <<< [2022-08-03 01:28:02]"
[1] ">>> Pericytes_Muscle start <<< [2022-08-03 01:28:02]"
[1] ">>> Pericytes_Muscle write <<< [2022-08-03 01:28:05]"
[1] ">>> Pericytes_Muscle finish <<< [2022-08-03 01:28:05]"
[1] ">>> Pericytes_Muscle strict write <<< [2022-08-03 01:28:05]"
[1] ">>> Pericytes_Muscle strict finish <<< [2022-08-03 01:28:05]"
[1] ">>> Pericytes_Myofibroblast_Mesothelium start <<< [2022-08-03 01:28:05]"
[1] ">>> Pericytes_Myofibroblast_Mesothelium write <<< [2022-08-03 01:28:08]"
[1] ">>> Pericytes_Myofibroblast_Mesothelium finish <<< [2022-08-03 01:28:08]"
[1] ">>> Pericytes_Myofibroblast_Mesothelium strict write <<< [2022-08-03 01:28:08]"
[1] ">>> Pericytes_Myofibroblast_Mesothelium strict finish <<< [2022-08-03 01:28:08]"
[1] ">>> Pericytes_Neural start <<< [2022-08-03 01:28:08]"
[1] ">>> Pericytes_Neural write <<< [2022-08-03 01:28:11]"
[1] ">>> Pericytes_Neural finish <<< [2022-08-03 01:28:11]"
[1] ">>> Pericytes_Neural strict write <<< [2022-08-03 01:28:11]"
[1] ">>> Pericytes_Neural strict finish <<< [2022-08-03 01:28:11]"
	Command being timed: "Rscript /fs/home/liuzhaoyang/project/cci_evaluation/scripts/run_nichenet.R -c ./data/processed/sc_norm.tsv -m ./data/processed/sc_meta.tsv -o ./tools/NicheNet/output/"
	User time (seconds): 252.45
	System time (seconds): 22.83
	Percent of CPU this job got: 121%
	Elapsed (wall clock) time (h:mm:ss or m:ss): 3:47.12
	Average shared text size (kbytes): 0
	Average unshared data size (kbytes): 0
	Average stack size (kbytes): 0
	Average total size (kbytes): 0
	Maximum resident set size (kbytes): 3245916
	Average resident set size (kbytes): 0
	Major (requiring I/O) page faults: 218
	Minor (reclaiming a frame) page faults: 9000754
	Voluntary context switches: 9752
	Involuntary context switches: 3464
	Swaps: 0
	File system inputs: 481440
	File system outputs: 1160
	Socket messages sent: 0
	Socket messages received: 0
	Signals delivered: 0
	Page size (bytes): 4096
	Exit status: 0
