near(0): 43; far(1): 10; mid(2): 25
> all near celltypes
['L5_PT|L4', 'L5_PT|Sst', 'L5_PT|Oligo', 'L5_PT|L5_IT', 'L5_PT|L6_CT', 'L5_PT|Pvalb', 'VLMC|L2_3_IT', 'Macrophage|Sst', 'Macrophage|Oligo', 'Macrophage|L5_IT', 'Macrophage|L2_3_IT', 'Macrophage|L6b', 'Macrophage|L6_IT', 'L4|Oligo', 'L4|L5_IT', 'L4|L2_3_IT', 'L4|L6_CT', 'L4|L6_IT', 'L4|Pvalb', 'Sst|Oligo', 'Sst|L2_3_IT', 'Sst|Astro', 'Sst|L6_IT', 'Oligo|L5_IT', 'Oligo|L2_3_IT', 'Oligo|L6b', 'Oligo|Astro', 'Oligo|L6_CT', 'Oligo|L6_IT', 'Oligo|Pvalb', 'L5_IT|L2_3_IT', 'L5_IT|L6b', 'L5_IT|L6_CT', 'L5_IT|L6_IT', 'L5_IT|Pvalb', 'L2_3_IT|L6b', 'L2_3_IT|Astro', 'L2_3_IT|L6_IT', 'L6b|L6_CT', 'L6b|L6_IT', 'L6_CT|L6_IT', 'L6_CT|Pvalb', 'L6_IT|Pvalb']
> all far celltypes
['L5_PT|VLMC', 'L5_PT|L6b', 'VLMC|L5_IT', 'VLMC|L6b', 'VLMC|L6_CT', 'VLMC|L6_IT', 'VLMC|Pvalb', 'Sst|L6_CT', 'Sst|Pvalb', 'Astro|L6_CT']
> target celltypes
L4, L5_IT, Sst, L6_IT
> 453 spots are selected
> spot number of target celltypes
L4: 225,
L5_IT: 64,
Sst: 74,
L6_IT: 90,
> randomly selected cell number of target celltypes
L4: 855,
L5_IT: 134,
Sst: 244,
L6_IT: 315,
> 1548 cells are randomly selected
> near celltype pairs
Sst|L6_IT
L4|L5_IT
L4|L6_IT
L5_IT|L4
L6_IT|L4
L6_IT|L5_IT
L5_IT|L6_IT
L6_IT|Sst
> far celltype pairs

after filtering, 12575 genes are left
after filtering, 946 interactions are kept
> simulation start
> simulation done
> 1548 cells are mapped
near(0): 43; far(1): 10; mid(2): 25
> all near celltypes
['Oligo|L6_CT', 'Oligo|L6b', 'Oligo|L4', 'Oligo|Pvalb', 'Oligo|Macrophage', 'Oligo|Astro', 'Oligo|L5_PT', 'Oligo|L2_3_IT', 'Oligo|Sst', 'Oligo|L5_IT', 'Oligo|L6_IT', 'VLMC|L2_3_IT', 'L6_CT|L6b', 'L6_CT|L4', 'L6_CT|Pvalb', 'L6_CT|L5_PT', 'L6_CT|L5_IT', 'L6_CT|L6_IT', 'L6b|Macrophage', 'L6b|L2_3_IT', 'L6b|L5_IT', 'L6b|L6_IT', 'L4|Pvalb', 'L4|L5_PT', 'L4|L2_3_IT', 'L4|L5_IT', 'L4|L6_IT', 'Pvalb|L5_PT', 'Pvalb|L5_IT', 'Pvalb|L6_IT', 'Macrophage|L2_3_IT', 'Macrophage|Sst', 'Macrophage|L5_IT', 'Macrophage|L6_IT', 'Astro|L2_3_IT', 'Astro|Sst', 'L5_PT|Sst', 'L5_PT|L5_IT', 'L2_3_IT|Sst', 'L2_3_IT|L5_IT', 'L2_3_IT|L6_IT', 'Sst|L6_IT', 'L5_IT|L6_IT']
> all far celltypes
['VLMC|L6_CT', 'VLMC|L6b', 'VLMC|Pvalb', 'VLMC|L5_PT', 'VLMC|L5_IT', 'VLMC|L6_IT', 'L6_CT|Astro', 'L6_CT|Sst', 'L6b|L5_PT', 'Pvalb|Sst']
> target celltypes
L4, L5_IT, Sst, L6_IT
> 453 spots are selected
> spot number of target celltypes
L4: 225,
L5_IT: 64,
Sst: 74,
L6_IT: 90,
> randomly selected cell number of target celltypes
L4: 855,
L5_IT: 134,
Sst: 244,
L6_IT: 315,
> 1548 cells are randomly selected
> near celltype pairs
L4|L5_IT
L6_IT|L4
Sst|L6_IT
L6_IT|L5_IT
L6_IT|Sst
L5_IT|L4
L4|L6_IT
L5_IT|L6_IT
> far celltype pairs

after filtering, 12575 genes are left
after filtering, 946 interactions are kept
> simulation start
> simulation done
> 1548 cells are mapped
