near(0): 43; far(1): 10; mid(2): 25
> all near celltypes
['L2_3_IT|L5_IT', 'L2_3_IT|Oligo', 'L2_3_IT|Sst', 'L2_3_IT|VLMC', 'L2_3_IT|L6b', 'L2_3_IT|L4', 'L2_3_IT|L6_IT', 'L2_3_IT|Macrophage', 'L2_3_IT|Astro', 'L5_IT|Oligo', 'L5_IT|Pvalb', 'L5_IT|L6b', 'L5_IT|L4', 'L5_IT|L5_PT', 'L5_IT|L6_IT', 'L5_IT|L6_CT', 'L5_IT|Macrophage', 'Oligo|Pvalb', 'Oligo|Sst', 'Oligo|L6b', 'Oligo|L4', 'Oligo|L5_PT', 'Oligo|L6_IT', 'Oligo|L6_CT', 'Oligo|Macrophage', 'Oligo|Astro', 'Pvalb|L4', 'Pvalb|L5_PT', 'Pvalb|L6_IT', 'Pvalb|L6_CT', 'Sst|L5_PT', 'Sst|L6_IT', 'Sst|Macrophage', 'Sst|Astro', 'L6b|L6_IT', 'L6b|L6_CT', 'L6b|Macrophage', 'L4|L5_PT', 'L4|L6_IT', 'L4|L6_CT', 'L5_PT|L6_CT', 'L6_IT|L6_CT', 'L6_IT|Macrophage']
> all far celltypes
['L5_IT|VLMC', 'Pvalb|Sst', 'Pvalb|VLMC', 'Sst|L6_CT', 'VLMC|L6b', 'VLMC|L5_PT', 'VLMC|L6_IT', 'VLMC|L6_CT', 'L6b|L5_PT', 'L6_CT|Astro']
> target celltypes
L4, L5_IT, Sst, L6_IT
> 453 spots are selected
> spot number of target celltypes
L4: 225,
L5_IT: 64,
Sst: 74,
L6_IT: 90,
> randomly selected cell number of target celltypes
L4: 675,
L5_IT: 320,
Sst: 178,
L6_IT: 288,
> 1461 cells are randomly selected
> near celltype pairs
Sst|L6_IT
L6_IT|Sst
L6_IT|L4
L5_IT|L4
L4|L6_IT
L6_IT|L5_IT
L5_IT|L6_IT
L4|L5_IT
> far celltype pairs

after filtering, 12548 genes are left
after filtering, 1029 interactions are kept
> simulation start
> simulation done
> 1461 cells are mapped
near(0): 43; far(1): 10; mid(2): 25
> all near celltypes
['VLMC|L2_3_IT', 'Oligo|L5_IT', 'Oligo|L6_IT', 'Oligo|Sst', 'Oligo|L4', 'Oligo|L2_3_IT', 'Oligo|L6b', 'Oligo|Astro', 'Oligo|Pvalb', 'Oligo|L5_PT', 'Oligo|Macrophage', 'Oligo|L6_CT', 'L5_IT|L6_IT', 'L5_IT|L4', 'L5_IT|L2_3_IT', 'L5_IT|L6b', 'L5_IT|Pvalb', 'L5_IT|L5_PT', 'L5_IT|Macrophage', 'L5_IT|L6_CT', 'L6_IT|Sst', 'L6_IT|L4', 'L6_IT|L2_3_IT', 'L6_IT|L6b', 'L6_IT|Pvalb', 'L6_IT|Macrophage', 'L6_IT|L6_CT', 'Sst|L2_3_IT', 'Sst|Astro', 'Sst|L5_PT', 'Sst|Macrophage', 'L4|L2_3_IT', 'L4|Pvalb', 'L4|L5_PT', 'L4|L6_CT', 'L2_3_IT|L6b', 'L2_3_IT|Astro', 'L2_3_IT|Macrophage', 'L6b|Macrophage', 'L6b|L6_CT', 'Pvalb|L5_PT', 'Pvalb|L6_CT', 'L5_PT|L6_CT']
> all far celltypes
['VLMC|L5_IT', 'VLMC|L6_IT', 'VLMC|L6b', 'VLMC|Pvalb', 'VLMC|L5_PT', 'VLMC|L6_CT', 'Sst|Pvalb', 'Sst|L6_CT', 'L6b|L5_PT', 'Astro|L6_CT']
> target celltypes
L4, L5_IT, Sst, L6_IT
> 453 spots are selected
> spot number of target celltypes
L4: 225,
L5_IT: 64,
Sst: 74,
L6_IT: 90,
> randomly selected cell number of target celltypes
L4: 675,
L5_IT: 320,
Sst: 178,
L6_IT: 288,
> 1461 cells are randomly selected
> near celltype pairs
L6_IT|L5_IT
L4|L5_IT
Sst|L6_IT
L5_IT|L6_IT
L5_IT|L4
L6_IT|Sst
L6_IT|L4
L4|L6_IT
> far celltype pairs

after filtering, 12548 genes are left
after filtering, 1029 interactions are kept
> simulation start
> simulation done
> 1461 cells are mapped
