near(0): 43; far(1): 10; mid(2): 25
> all near celltypes
['Pvalb|L6_CT', 'Pvalb|L5_IT', 'Pvalb|L6_IT', 'Pvalb|L5_PT', 'Pvalb|L4', 'Pvalb|Oligo', 'L6b|L6_CT', 'L6b|L2_3_IT', 'L6b|L5_IT', 'L6b|L6_IT', 'L6b|Oligo', 'L6b|Macrophage', 'L6_CT|L5_IT', 'L6_CT|L6_IT', 'L6_CT|L5_PT', 'L6_CT|L4', 'L6_CT|Oligo', 'L2_3_IT|VLMC', 'L2_3_IT|L5_IT', 'L2_3_IT|L6_IT', 'L2_3_IT|L4', 'L2_3_IT|Oligo', 'L2_3_IT|Sst', 'L2_3_IT|Macrophage', 'L2_3_IT|Astro', 'L5_IT|L6_IT', 'L5_IT|L5_PT', 'L5_IT|L4', 'L5_IT|Oligo', 'L5_IT|Macrophage', 'L6_IT|L4', 'L6_IT|Oligo', 'L6_IT|Sst', 'L6_IT|Macrophage', 'L5_PT|L4', 'L5_PT|Oligo', 'L5_PT|Sst', 'L4|Oligo', 'Oligo|Sst', 'Oligo|Macrophage', 'Oligo|Astro', 'Sst|Macrophage', 'Sst|Astro']
> all far celltypes
['Pvalb|VLMC', 'Pvalb|Sst', 'L6b|VLMC', 'L6b|L5_PT', 'L6_CT|VLMC', 'L6_CT|Sst', 'L6_CT|Astro', 'VLMC|L5_IT', 'VLMC|L6_IT', 'VLMC|L5_PT']
> target celltypes
L4, L5_IT, Sst, L6_IT
> 453 spots are selected
> spot number of target celltypes
L4: 225,
L5_IT: 64,
Sst: 74,
L6_IT: 90,
> randomly selected cell number of target celltypes
L4: 765,
L5_IT: 250,
Sst: 229,
L6_IT: 252,
> 1496 cells are randomly selected
> near celltype pairs
L6_IT|L5_IT
L6_IT|Sst
L6_IT|L4
L5_IT|L6_IT
L4|L5_IT
Sst|L6_IT
L4|L6_IT
L5_IT|L4
> far celltype pairs

after filtering, 12541 genes are left
after filtering, 955 interactions are kept
> simulation start
> simulation done
> 1496 cells are mapped
near(0): 43; far(1): 10; mid(2): 25
> all near celltypes
['L6_CT|Pvalb', 'L6_CT|L5_PT', 'L6_CT|L4', 'L6_CT|L6_IT', 'L6_CT|L6b', 'L6_CT|Oligo', 'L6_CT|L5_IT', 'Pvalb|L5_PT', 'Pvalb|L4', 'Pvalb|L6_IT', 'Pvalb|Oligo', 'Pvalb|L5_IT', 'Astro|Sst', 'Astro|L2_3_IT', 'Astro|Oligo', 'L5_PT|L4', 'L5_PT|Sst', 'L5_PT|Oligo', 'L5_PT|L5_IT', 'L4|L6_IT', 'L4|L2_3_IT', 'L4|Oligo', 'L4|L5_IT', 'Sst|L6_IT', 'Sst|L2_3_IT', 'Sst|Macrophage', 'Sst|Oligo', 'L6_IT|L6b', 'L6_IT|L2_3_IT', 'L6_IT|Macrophage', 'L6_IT|Oligo', 'L6_IT|L5_IT', 'L6b|L2_3_IT', 'L6b|Macrophage', 'L6b|Oligo', 'L6b|L5_IT', 'L2_3_IT|Macrophage', 'L2_3_IT|Oligo', 'L2_3_IT|VLMC', 'L2_3_IT|L5_IT', 'Macrophage|Oligo', 'Macrophage|L5_IT', 'Oligo|L5_IT']
> all far celltypes
['L6_CT|Astro', 'L6_CT|Sst', 'L6_CT|VLMC', 'Pvalb|Sst', 'Pvalb|VLMC', 'L5_PT|L6b', 'L5_PT|VLMC', 'L6_IT|VLMC', 'L6b|VLMC', 'VLMC|L5_IT']
> target celltypes
L4, L5_IT, Sst, L6_IT
> 453 spots are selected
> spot number of target celltypes
L4: 225,
L5_IT: 64,
Sst: 74,
L6_IT: 90,
> randomly selected cell number of target celltypes
L4: 765,
L5_IT: 250,
Sst: 229,
L6_IT: 252,
> 1496 cells are randomly selected
> near celltype pairs
L5_IT|L6_IT
L6_IT|L4
L4|L6_IT
L6_IT|Sst
Sst|L6_IT
L4|L5_IT
L6_IT|L5_IT
L5_IT|L4
> far celltype pairs

after filtering, 12541 genes are left
after filtering, 955 interactions are kept
> simulation start
> simulation done
> 1496 cells are mapped
