nohup: ignoring input
Attaching SeuratObject
[1] "############ ------------- scmlnet --------------- ############"
[1] ">>> loading library and data <<< [2022-08-03 01:32:00]"
[1] ">>> start workflow for each cell type <<< [2022-08-03 01:32:19]"
[1] ">>> start Epithelial_Muscle <<< [2022-08-03 01:32:19]"
[1] "check table cell:"
[1] 4800    2
[1] "Rec Cluster:"
[1] "Muscle"
[1] "Lig Cluster:"
[1] "Epithelial"
[1] "p val:"
[1] 0.1
[1] "logfc:"
[1] 0.1
[1] "get High Exp Gene in Muscle"
[1] "Muscle:196"
[1] "gene:16671"
[1] "logfc.threshold:"
[1] 0.1
Performing log-normalization
0%   10   20   30   40   50   60   70   80   90   100%
[----|----|----|----|----|----|----|----|----|----|
**************************************************|
[1] "do T-test"
[1] "find high gene num:733"
[1] "-----------------------"
[1] "get High Exp Gene in Epithelial"
[1] "Epithelial:1314"
[1] "gene:16671"
[1] "logfc.threshold:"
[1] 0.1
Performing log-normalization
0%   10   20   30   40   50   60   70   80   90   100%
[----|----|----|----|----|----|----|----|----|----|
**************************************************|
[1] "do T-test"
[1] "find high gene num:3475"
[1] "-----------------------"
[1] "Lig_Rec Num:46"
[1] "TF_Target Num:40"
[1] "XZRec_XZTF Num:284"
[1] "Rec common in LigRec and RecTF:"
[1] "TF common in RecTF and TFTar:"
[1] "calculate Cor between RecTF"
[1] "calculate Cor between TFTar"
[1] "check table cell:"
[1] 4800    2
[1] "get High Exp Gene in Muscle"
[1] "Muscle:196"
[1] "gene:16671"
[1] "logfc.threshold:"
[1] 0.1
Performing log-normalization
0%   10   20   30   40   50   60   70   80   90   100%
[----|----|----|----|----|----|----|----|----|----|
**************************************************|
[1] "do T-test"
[1] "get High Exp Gene in Epithelial"
[1] "Epithelial:1314"
[1] "gene:16671"
[1] "logfc.threshold:"
[1] 0.1
Performing log-normalization
0%   10   20   30   40   50   60   70   80   90   100%
[----|----|----|----|----|----|----|----|----|----|
**************************************************|
[1] "do T-test"
[1] ">>> end Epithelial_Muscle <<< [2022-08-03 01:34:14]"
[1] ">>> all finished <<< [2022-08-03 01:34:14]"
	Command being timed: "Rscript /fs/home/liuzhaoyang/project/cci_evaluation/scripts/run_scmlnet_multi.R -a Epithelial -b Muscle -c ./data/processed/sc_counts.tsv -m ./tools/scmlnet/scmlnet_meta.tsv -n 1 -o ./tools/scmlnet/output/"
	User time (seconds): 138.38
	System time (seconds): 14.34
	Percent of CPU this job got: 110%
	Elapsed (wall clock) time (h:mm:ss or m:ss): 2:17.62
	Average shared text size (kbytes): 0
	Average unshared data size (kbytes): 0
	Average stack size (kbytes): 0
	Average total size (kbytes): 0
	Maximum resident set size (kbytes): 2516140
	Average resident set size (kbytes): 0
	Major (requiring I/O) page faults: 0
	Minor (reclaiming a frame) page faults: 1720898
	Voluntary context switches: 624
	Involuntary context switches: 108093
	Swaps: 0
	File system inputs: 0
	File system outputs: 448
	Socket messages sent: 0
	Socket messages received: 0
	Signals delivered: 0
	Page size (bytes): 4096
	Exit status: 0
