nohup: ignoring input
Attaching SeuratObject
[1] "############ ------------- scmlnet --------------- ############"
[1] ">>> loading library and data <<< [2022-08-03 01:41:28]"
[1] ">>> start workflow for each cell type <<< [2022-08-03 01:41:47]"
[1] ">>> start Muscle_Myofibroblast_Mesothelium <<< [2022-08-03 01:41:47]"
[1] "check table cell:"
[1] 4800    2
[1] "Rec Cluster:"
[1] "Myofibroblast_Mesothelium"
[1] "Lig Cluster:"
[1] "Muscle"
[1] "p val:"
[1] 0.1
[1] "logfc:"
[1] 0.1
[1] "get High Exp Gene in Myofibroblast_Mesothelium"
[1] "Myofibroblast_Mesothelium:612"
[1] "gene:16671"
[1] "logfc.threshold:"
[1] 0.1
Performing log-normalization
0%   10   20   30   40   50   60   70   80   90   100%
[----|----|----|----|----|----|----|----|----|----|
**************************************************|
[1] "do T-test"
[1] "find high gene num:1130"
[1] "-----------------------"
[1] "get High Exp Gene in Muscle"
[1] "Muscle:196"
[1] "gene:16671"
[1] "logfc.threshold:"
[1] 0.1
Performing log-normalization
0%   10   20   30   40   50   60   70   80   90   100%
[----|----|----|----|----|----|----|----|----|----|
**************************************************|
[1] "do T-test"
[1] "find high gene num:701"
[1] "-----------------------"
[1] "Lig_Rec Num:18"
[1] "TF_Target Num:574"
[1] "XZRec_XZTF Num:3940"
[1] "Rec common in LigRec and RecTF:"
[1] "TF common in RecTF and TFTar:"
[1] "calculate Cor between RecTF"
[1] "calculate Cor between TFTar"
[1] "check table cell:"
[1] 4800    2
[1] "get High Exp Gene in Myofibroblast_Mesothelium"
[1] "Myofibroblast_Mesothelium:612"
[1] "gene:16671"
[1] "logfc.threshold:"
[1] 0.1
Performing log-normalization
0%   10   20   30   40   50   60   70   80   90   100%
[----|----|----|----|----|----|----|----|----|----|
**************************************************|
[1] "do T-test"
[1] "get High Exp Gene in Muscle"
[1] "Muscle:196"
[1] "gene:16671"
[1] "logfc.threshold:"
[1] 0.1
Performing log-normalization
0%   10   20   30   40   50   60   70   80   90   100%
[----|----|----|----|----|----|----|----|----|----|
**************************************************|
[1] "do T-test"
[1] ">>> end Muscle_Myofibroblast_Mesothelium <<< [2022-08-03 01:42:11]"
[1] ">>> all finished <<< [2022-08-03 01:42:11]"
	Command being timed: "Rscript /fs/home/liuzhaoyang/project/cci_evaluation/scripts/run_scmlnet_multi.R -a Muscle -b Myofibroblast_Mesothelium -c ./data/processed/sc_counts.tsv -m ./tools/scmlnet/scmlnet_meta.tsv -n 1 -o ./tools/scmlnet/output/"
	User time (seconds): 46.60
	System time (seconds): 13.75
	Percent of CPU this job got: 132%
	Elapsed (wall clock) time (h:mm:ss or m:ss): 0:45.48
	Average shared text size (kbytes): 0
	Average unshared data size (kbytes): 0
	Average stack size (kbytes): 0
	Average total size (kbytes): 0
	Maximum resident set size (kbytes): 2345004
	Average resident set size (kbytes): 0
	Major (requiring I/O) page faults: 0
	Minor (reclaiming a frame) page faults: 1195693
	Voluntary context switches: 635
	Involuntary context switches: 496325
	Swaps: 0
	File system inputs: 0
	File system outputs: 200
	Socket messages sent: 0
	Socket messages received: 0
	Signals delivered: 0
	Page size (bytes): 4096
	Exit status: 0
