nohup: ignoring input
Attaching SeuratObject
[1] "############ ------------- scmlnet --------------- ############"
[1] ">>> loading library and data <<< [2022-08-03 01:35:48]"
[1] ">>> start workflow for each cell type <<< [2022-08-03 01:36:07]"
[1] ">>> start Myofibroblast_Mesothelium_Fibroblasts <<< [2022-08-03 01:36:07]"
[1] "check table cell:"
[1] 4800    2
[1] "Rec Cluster:"
[1] "Fibroblasts"
[1] "Lig Cluster:"
[1] "Myofibroblast_Mesothelium"
[1] "p val:"
[1] 0.1
[1] "logfc:"
[1] 0.1
[1] "get High Exp Gene in Fibroblasts"
[1] "Fibroblasts:1450"
[1] "gene:16671"
[1] "logfc.threshold:"
[1] 0.1
Performing log-normalization
0%   10   20   30   40   50   60   70   80   90   100%
[----|----|----|----|----|----|----|----|----|----|
**************************************************|
[1] "do T-test"
[1] "find high gene num:589"
[1] "-----------------------"
[1] "get High Exp Gene in Myofibroblast_Mesothelium"
[1] "Myofibroblast_Mesothelium:612"
[1] "gene:16671"
[1] "logfc.threshold:"
[1] 0.1
Performing log-normalization
0%   10   20   30   40   50   60   70   80   90   100%
[----|----|----|----|----|----|----|----|----|----|
**************************************************|
[1] "do T-test"
[1] "find high gene num:1311"
[1] "-----------------------"
[1] "Lig_Rec Num:18"
[1] "TF_Target Num:382"
[1] "XZRec_XZTF Num:4194"
[1] "Rec common in LigRec and RecTF:"
[1] "TF common in RecTF and TFTar:"
[1] "calculate Cor between RecTF"
[1] "calculate Cor between TFTar"
[1] "check table cell:"
[1] 4800    2
[1] "get High Exp Gene in Fibroblasts"
[1] "Fibroblasts:1450"
[1] "gene:16671"
[1] "logfc.threshold:"
[1] 0.1
Performing log-normalization
0%   10   20   30   40   50   60   70   80   90   100%
[----|----|----|----|----|----|----|----|----|----|
**************************************************|
[1] "do T-test"
[1] "get High Exp Gene in Myofibroblast_Mesothelium"
[1] "Myofibroblast_Mesothelium:612"
[1] "gene:16671"
[1] "logfc.threshold:"
[1] 0.1
Performing log-normalization
0%   10   20   30   40   50   60   70   80   90   100%
[----|----|----|----|----|----|----|----|----|----|
**************************************************|
[1] "do T-test"
[1] ">>> end Myofibroblast_Mesothelium_Fibroblasts <<< [2022-08-03 01:36:47]"
[1] ">>> all finished <<< [2022-08-03 01:36:47]"
	Command being timed: "Rscript /fs/home/liuzhaoyang/project/cci_evaluation/scripts/run_scmlnet_multi.R -a Myofibroblast_Mesothelium -b Fibroblasts -c ./data/processed/sc_counts.tsv -m ./tools/scmlnet/scmlnet_meta.tsv -n 1 -o ./tools/scmlnet/output/"
	User time (seconds): 62.36
	System time (seconds): 14.02
	Percent of CPU this job got: 124%
	Elapsed (wall clock) time (h:mm:ss or m:ss): 1:01.31
	Average shared text size (kbytes): 0
	Average unshared data size (kbytes): 0
	Average stack size (kbytes): 0
	Average total size (kbytes): 0
	Maximum resident set size (kbytes): 2493048
	Average resident set size (kbytes): 0
	Major (requiring I/O) page faults: 0
	Minor (reclaiming a frame) page faults: 1560827
	Voluntary context switches: 622
	Involuntary context switches: 271911
	Swaps: 0
	File system inputs: 0
	File system outputs: 224
	Socket messages sent: 0
	Socket messages received: 0
	Signals delivered: 0
	Page size (bytes): 4096
	Exit status: 0
