nohup: ignoring input
Attaching SeuratObject
[1] "############ ------------- scmlnet --------------- ############"
[1] ">>> loading library and data <<< [2022-08-03 01:24:58]"
[1] ">>> start workflow for each cell type <<< [2022-08-03 01:25:17]"
[1] ">>> start Pericytes_Fibroblasts <<< [2022-08-03 01:25:17]"
[1] "check table cell:"
[1] 4800    2
[1] "Rec Cluster:"
[1] "Fibroblasts"
[1] "Lig Cluster:"
[1] "Pericytes"
[1] "p val:"
[1] 0.1
[1] "logfc:"
[1] 0.1
[1] "get High Exp Gene in Fibroblasts"
[1] "Fibroblasts:1450"
[1] "gene:16671"
[1] "logfc.threshold:"
[1] 0.1
Performing log-normalization
0%   10   20   30   40   50   60   70   80   90   100%
[----|----|----|----|----|----|----|----|----|----|
**************************************************|
[1] "do T-test"
[1] "find high gene num:847"
[1] "-----------------------"
[1] "get High Exp Gene in Pericytes"
[1] "Pericytes:360"
[1] "gene:16671"
[1] "logfc.threshold:"
[1] 0.1
Performing log-normalization
0%   10   20   30   40   50   60   70   80   90   100%
[----|----|----|----|----|----|----|----|----|----|
**************************************************|
[1] "do T-test"
[1] "find high gene num:1737"
[1] "-----------------------"
[1] "Lig_Rec Num:22"
[1] "TF_Target Num:333"
[1] "XZRec_XZTF Num:2617"
[1] "Rec common in LigRec and RecTF:"
[1] "TF common in RecTF and TFTar:"
[1] "calculate Cor between RecTF"
[1] "calculate Cor between TFTar"
[1] "check table cell:"
[1] 4800    2
[1] "get High Exp Gene in Fibroblasts"
[1] "Fibroblasts:1450"
[1] "gene:16671"
[1] "logfc.threshold:"
[1] 0.1
Performing log-normalization
0%   10   20   30   40   50   60   70   80   90   100%
[----|----|----|----|----|----|----|----|----|----|
**************************************************|
[1] "do T-test"
[1] "get High Exp Gene in Pericytes"
[1] "Pericytes:360"
[1] "gene:16671"
[1] "logfc.threshold:"
[1] 0.1
Performing log-normalization
0%   10   20   30   40   50   60   70   80   90   100%
[----|----|----|----|----|----|----|----|----|----|
**************************************************|
[1] "do T-test"
[1] ">>> end Pericytes_Fibroblasts <<< [2022-08-03 01:26:01]"
[1] ">>> all finished <<< [2022-08-03 01:26:01]"
	Command being timed: "Rscript /fs/home/liuzhaoyang/project/cci_evaluation/scripts/run_scmlnet_multi.R -a Pericytes -b Fibroblasts -c ./data/processed/sc_counts.tsv -m ./tools/scmlnet/scmlnet_meta.tsv -n 1 -o ./tools/scmlnet/output/"
	User time (seconds): 67.45
	System time (seconds): 14.22
	Percent of CPU this job got: 108%
	Elapsed (wall clock) time (h:mm:ss or m:ss): 1:15.47
	Average shared text size (kbytes): 0
	Average unshared data size (kbytes): 0
	Average stack size (kbytes): 0
	Average total size (kbytes): 0
	Maximum resident set size (kbytes): 2431228
	Average resident set size (kbytes): 0
	Major (requiring I/O) page faults: 138
	Minor (reclaiming a frame) page faults: 1375430
	Voluntary context switches: 2167
	Involuntary context switches: 19919
	Swaps: 0
	File system inputs: 84632
	File system outputs: 296
	Socket messages sent: 0
	Socket messages received: 0
	Signals delivered: 0
	Page size (bytes): 4096
	Exit status: 0
