nohup: ignoring input
Loading required package: dplyr

Attaching package: ‘dplyr’

The following objects are masked from ‘package:stats’:

    filter, lag

The following objects are masked from ‘package:base’:

    intersect, setdiff, setequal, union

Loading required package: igraph

Attaching package: ‘igraph’

The following objects are masked from ‘package:dplyr’:

    as_data_frame, groups, union

The following objects are masked from ‘package:stats’:

    decompose, spectrum

The following object is masked from ‘package:base’:

    union

Loading required package: ggplot2
[1] "############ ------------- cellchat --------------- ############"
[1] ">>> loading library and data <<< [2022-07-31 23:16:41]"
[1] ">>> start CellChat workflow <<< [2022-07-31 23:17:09]"
Create a CellChat object from a data matrix
Set cell identities for the new CellChat object
The cell groups used for CellChat analysis are  Endothelial Epithelial Fibroblasts Immune Muscle Myofibroblast_Mesothelium Neural Pericytes 
[1] ">>> Infer CCI network <<< [2022-07-31 23:17:52]"
[1] ">>> saving results <<< [2022-07-31 23:22:35]"
[1] ">>> plot heatmap <<< [2022-07-31 23:22:40]"
[1] ">>> done <<< [2022-07-31 23:22:40]"
	Command being timed: "Rscript /fs/home/liuzhaoyang/project/cci_evaluation/scripts/run_cc.R -c ./data/processed/sc_norm.tsv -m ./data/processed/sc_meta.tsv -o ./tools/cc/output/"
	User time (seconds): 534.96
	System time (seconds): 3214.25
	Percent of CPU this job got: 1019%
	Elapsed (wall clock) time (h:mm:ss or m:ss): 6:07.88
	Average shared text size (kbytes): 0
	Average unshared data size (kbytes): 0
	Average stack size (kbytes): 0
	Average total size (kbytes): 0
	Maximum resident set size (kbytes): 3980224
	Average resident set size (kbytes): 0
	Major (requiring I/O) page faults: 88
	Minor (reclaiming a frame) page faults: 3945431
	Voluntary context switches: 1896696
	Involuntary context switches: 406356
	Swaps: 0
	File system inputs: 73728
	File system outputs: 55272
	Socket messages sent: 0
	Socket messages received: 0
	Signals delivered: 0
	Page size (bytes): 4096
	Exit status: 0
