nohup: ignoring input
===================================================
Input data:
Species to obtain abundance data: human
The expression matrix file: /fs/home/liuzhaoyang/project/cci_evaluation/human_intestinal/ST_A3_GSM4797918/data/processed/sc_norm.tsv
The metafile: /fs/home/liuzhaoyang/project/cci_evaluation/human_intestinal/ST_A3_GSM4797918/tools/NATMI/meta_natmi.tsv
The ligand-receptor interaction database: LRdb_cellchat.tsv
Species to obtain ligand-receptor interactions: human
The number of cores to use: 1
The folder to save all results: /fs/home/liuzhaoyang/project/cci_evaluation/human_intestinal/ST_A3_GSM4797918/tools/NATMI/output
===================================================
>>> start loading data <<< [1659461061.10974]
>>> finish loading data <<< [1659461074.697779]
>>> start laoding & processing LR db <<< [1659461074.6977894]
>>> finish loading & processing LR db <<< [1659461074.8849723]
#### the folder "/fs/home/liuzhaoyang/project/cci_evaluation/human_intestinal/ST_A3_GSM4797918/tools/NATMI/output" has been created to save the analysis results
>>> start analysis <<< [1659461074.8850086]
#### cluster the expression matrix
#### generate cell-to-cell interactions
#### extract signaling factors
#### construct signaling interactions
#### collected 58377 LR-mediated edges
>>> finish analysis <<< [1659461270.873094]
#### DONE
	Command being timed: "python ExtractEdges.py --interDB LRdb_cellchat --interSpecies human --emFile /fs/home/liuzhaoyang/project/cci_evaluation/human_intestinal/ST_A3_GSM4797918/data/processed/sc_norm.tsv --annFile /fs/home/liuzhaoyang/project/cci_evaluation/human_intestinal/ST_A3_GSM4797918/tools/NATMI/meta_natmi.tsv --species human --idType symbol --out /fs/home/liuzhaoyang/project/cci_evaluation/human_intestinal/ST_A3_GSM4797918/tools/NATMI/output/"
	User time (seconds): 209.95
	System time (seconds): 8.66
	Percent of CPU this job got: 100%
	Elapsed (wall clock) time (h:mm:ss or m:ss): 3:37.17
	Average shared text size (kbytes): 0
	Average unshared data size (kbytes): 0
	Average stack size (kbytes): 0
	Average total size (kbytes): 0
	Maximum resident set size (kbytes): 2009264
	Average resident set size (kbytes): 0
	Major (requiring I/O) page faults: 234
	Minor (reclaiming a frame) page faults: 662217
	Voluntary context switches: 3282
	Involuntary context switches: 318
	Swaps: 0
	File system inputs: 103584
	File system outputs: 257376
	Socket messages sent: 0
	Socket messages received: 0
	Signals delivered: 0
	Page size (bytes): 4096
	Exit status: 0
