near(0): 43; far(1): 10; mid(2): 25
> all near celltypes
['VLMC|L2_3_IT', 'Macrophage|Sst', 'Macrophage|L6_IT', 'Macrophage|Oligo', 'Macrophage|L5_IT', 'Macrophage|L6b', 'Macrophage|L2_3_IT', 'L5_PT|Sst', 'L5_PT|L6_CT', 'L5_PT|Oligo', 'L5_PT|L5_IT', 'L5_PT|Pvalb', 'L5_PT|L4', 'Sst|L6_IT', 'Sst|Oligo', 'Sst|L2_3_IT', 'Sst|Astro', 'L6_CT|L6_IT', 'L6_CT|Oligo', 'L6_CT|L5_IT', 'L6_CT|L6b', 'L6_CT|Pvalb', 'L6_CT|L4', 'L6_IT|Oligo', 'L6_IT|L5_IT', 'L6_IT|L6b', 'L6_IT|Pvalb', 'L6_IT|L2_3_IT', 'L6_IT|L4', 'Oligo|L5_IT', 'Oligo|L6b', 'Oligo|Pvalb', 'Oligo|L2_3_IT', 'Oligo|L4', 'Oligo|Astro', 'L5_IT|L6b', 'L5_IT|Pvalb', 'L5_IT|L2_3_IT', 'L5_IT|L4', 'L6b|L2_3_IT', 'Pvalb|L4', 'L2_3_IT|L4', 'L2_3_IT|Astro']
> all far celltypes
['VLMC|L5_PT', 'VLMC|L6_CT', 'VLMC|L6_IT', 'VLMC|L5_IT', 'VLMC|L6b', 'VLMC|Pvalb', 'L5_PT|L6b', 'Sst|L6_CT', 'Sst|Pvalb', 'L6_CT|Astro']
> target celltypes
L4, L5_IT, Sst, L6_IT
> 453 spots are selected
> spot number of target celltypes
L4: 225,
L5_IT: 64,
Sst: 74,
L6_IT: 90,
> randomly selected cell number of target celltypes
L4: 1102,
L5_IT: 282,
Sst: 370,
L6_IT: 261,
> 2015 cells are randomly selected
> near celltype pairs
L4|L5_IT
L6_IT|L4
L6_IT|Sst
L5_IT|L4
Sst|L6_IT
L4|L6_IT
L5_IT|L6_IT
L6_IT|L5_IT
> far celltype pairs

after filtering, 12852 genes are left
after filtering, 1079 interactions are kept
> simulation start
> simulation done
> 2015 cells are mapped
near(0): 43; far(1): 10; mid(2): 25
> all near celltypes
['Sst|L5_PT', 'Sst|Oligo', 'Sst|L6_IT', 'Sst|Macrophage', 'Sst|L2_3_IT', 'Sst|Astro', 'Pvalb|L5_IT', 'Pvalb|L5_PT', 'Pvalb|Oligo', 'Pvalb|L6_CT', 'Pvalb|L6_IT', 'Pvalb|L4', 'L5_IT|L5_PT', 'L5_IT|Oligo', 'L5_IT|L6_CT', 'L5_IT|L6_IT', 'L5_IT|L6b', 'L5_IT|Macrophage', 'L5_IT|L2_3_IT', 'L5_IT|L4', 'L5_PT|Oligo', 'L5_PT|L6_CT', 'L5_PT|L4', 'Oligo|L6_CT', 'Oligo|L6_IT', 'Oligo|L6b', 'Oligo|Macrophage', 'Oligo|L2_3_IT', 'Oligo|Astro', 'Oligo|L4', 'L6_CT|L6_IT', 'L6_CT|L6b', 'L6_CT|L4', 'L6_IT|L6b', 'L6_IT|Macrophage', 'L6_IT|L2_3_IT', 'L6_IT|L4', 'L6b|Macrophage', 'L6b|L2_3_IT', 'Macrophage|L2_3_IT', 'VLMC|L2_3_IT', 'L2_3_IT|Astro', 'L2_3_IT|L4']
> all far celltypes
['Sst|Pvalb', 'Sst|L6_CT', 'Pvalb|VLMC', 'L5_IT|VLMC', 'L5_PT|L6b', 'L5_PT|VLMC', 'L6_CT|VLMC', 'L6_CT|Astro', 'L6_IT|VLMC', 'L6b|VLMC']
> target celltypes
L4, L5_IT, Sst, L6_IT
> 453 spots are selected
> spot number of target celltypes
L4: 225,
L5_IT: 64,
Sst: 74,
L6_IT: 90,
> randomly selected cell number of target celltypes
L4: 1102,
L5_IT: 282,
Sst: 370,
L6_IT: 261,
> 2015 cells are randomly selected
> near celltype pairs
L4|L6_IT
L5_IT|L6_IT
Sst|L6_IT
L6_IT|Sst
L6_IT|L5_IT
L4|L5_IT
L5_IT|L4
L6_IT|L4
> far celltype pairs

after filtering, 12852 genes are left
after filtering, 1079 interactions are kept
> simulation start
> simulation done
> 2015 cells are mapped
