nohup: ignoring input
Registered S3 method overwritten by 'gamlss':
  method   from
  print.ri bit 
There were 21 warnings (use warnings() to see them)

Attaching package: ‘dplyr’

The following objects are masked from ‘package:stats’:

    filter, lag

The following objects are masked from ‘package:base’:

    intersect, setdiff, setequal, union

[1] ">>> load library and data <<< [2022-08-02 22:29:27]"
[1] ">>> start italk workflow <<< [2022-08-02 22:30:00]"
[1] ">>> write result <<< [2022-08-02 22:30:11]"
[1] ">>> all done <<< [2022-08-02 22:30:11]"
	Command being timed: "Rscript /fs/home/liuzhaoyang/project/cci_evaluation/scripts/run_italk.R -c ./data/processed/sc_norm.tsv -m ./data/processed/sc_meta.tsv -o ./tools/iTALK/output/"
	User time (seconds): 55.46
	System time (seconds): 15.56
	Percent of CPU this job got: 127%
	Elapsed (wall clock) time (h:mm:ss or m:ss): 0:55.57
	Average shared text size (kbytes): 0
	Average unshared data size (kbytes): 0
	Average stack size (kbytes): 0
	Average total size (kbytes): 0
	Maximum resident set size (kbytes): 3706016
	Average resident set size (kbytes): 0
	Major (requiring I/O) page faults: 0
	Minor (reclaiming a frame) page faults: 2433724
	Voluntary context switches: 649
	Involuntary context switches: 770
	Swaps: 0
	File system inputs: 500920
	File system outputs: 1904
	Socket messages sent: 0
	Socket messages received: 0
	Signals delivered: 0
	Page size (bytes): 4096
	Exit status: 0
