nohup: ignoring input
[1 / 8] (00:06:24) Preprocessing...
[2 / 8] (00:06:37) Mutual information matrix...
[3 / 8] (00:13:31) Indirect edge-filtered network...
[4 / 8] (00:13:36) Integrate network...
[5 / 8] (00:14:05) PCSF...
[6 / 8] (00:14:25) Determine best signaling network...
[7 / 8] (00:14:27) Generate network output...
[8 / 8] (00:14:32) Analyze pathways...
	Command being timed: "Rscript /fs/home/liuzhaoyang/project/cci_evaluation/scripts/run_cytotalk.R -a Endothelial -b Muscle -i ./tools/CytoTalk/input/ -o ./tools/CytoTalk/output/"
	User time (seconds): 3113.05
	System time (seconds): 1812.93
	Percent of CPU this job got: 804%
	Elapsed (wall clock) time (h:mm:ss or m:ss): 10:12.04
	Average shared text size (kbytes): 0
	Average unshared data size (kbytes): 0
	Average stack size (kbytes): 0
	Average total size (kbytes): 0
	Maximum resident set size (kbytes): 1642956
	Average resident set size (kbytes): 0
	Major (requiring I/O) page faults: 0
	Minor (reclaiming a frame) page faults: 28031592
	Voluntary context switches: 684077
	Involuntary context switches: 134598168
	Swaps: 0
	File system inputs: 0
	File system outputs: 32856
	Socket messages sent: 0
	Socket messages received: 0
	Signals delivered: 0
	Page size (bytes): 4096
	Exit status: 0
