nohup: ignoring input
[1 / 8] (23:42:21) Preprocessing...
[2 / 8] (23:42:38) Mutual information matrix...
[3 / 8] (23:51:11) Indirect edge-filtered network...
[4 / 8] (23:51:16) Integrate network...
[5 / 8] (23:51:45) PCSF...
[6 / 8] (23:52:16) Determine best signaling network...
[7 / 8] (23:52:17) Generate network output...
[8 / 8] (23:52:22) Analyze pathways...
There were 50 or more warnings (use warnings() to see the first 50)
	Command being timed: "Rscript /fs/home/liuzhaoyang/project/cci_evaluation/scripts/run_cytotalk.R -a Epithelial -b Endothelial -i ./tools/CytoTalk/input/ -o ./tools/CytoTalk/output/"
	User time (seconds): 3995.10
	System time (seconds): 2313.31
	Percent of CPU this job got: 924%
	Elapsed (wall clock) time (h:mm:ss or m:ss): 11:22.24
	Average shared text size (kbytes): 0
	Average unshared data size (kbytes): 0
	Average stack size (kbytes): 0
	Average total size (kbytes): 0
	Maximum resident set size (kbytes): 2020396
	Average resident set size (kbytes): 0
	Major (requiring I/O) page faults: 0
	Minor (reclaiming a frame) page faults: 33237762
	Voluntary context switches: 500534
	Involuntary context switches: 104121063
	Swaps: 0
	File system inputs: 0
	File system outputs: 52416
	Socket messages sent: 0
	Socket messages received: 0
	Signals delivered: 0
	Page size (bytes): 4096
	Exit status: 0
