nohup: ignoring input
[1 / 8] (23:46:04) Preprocessing...
[2 / 8] (23:46:20) Mutual information matrix...
[3 / 8] (23:51:54) Indirect edge-filtered network...
[4 / 8] (23:51:56) Integrate network...
[5 / 8] (23:52:15) PCSF...
[6 / 8] (23:52:30) Determine best signaling network...
[7 / 8] (23:52:30) Generate network output...
[8 / 8] (23:52:34) Analyze pathways...
There were 50 or more warnings (use warnings() to see the first 50)
	Command being timed: "Rscript /fs/home/liuzhaoyang/project/cci_evaluation/scripts/run_cytotalk.R -a Epithelial -b Muscle -i ./tools/CytoTalk/input/ -o ./tools/CytoTalk/output/"
	User time (seconds): 2517.89
	System time (seconds): 1400.10
	Percent of CPU this job got: 837%
	Elapsed (wall clock) time (h:mm:ss or m:ss): 7:48.05
	Average shared text size (kbytes): 0
	Average unshared data size (kbytes): 0
	Average stack size (kbytes): 0
	Average total size (kbytes): 0
	Maximum resident set size (kbytes): 1836512
	Average resident set size (kbytes): 0
	Major (requiring I/O) page faults: 0
	Minor (reclaiming a frame) page faults: 30241974
	Voluntary context switches: 472833
	Involuntary context switches: 41177368
	Swaps: 0
	File system inputs: 0
	File system outputs: 36600
	Socket messages sent: 0
	Socket messages received: 0
	Signals delivered: 0
	Page size (bytes): 4096
	Exit status: 0
