nohup: ignoring input
[1 / 8] (23:35:27) Preprocessing...
[2 / 8] (23:35:43) Mutual information matrix...
[3 / 8] (23:40:30) Indirect edge-filtered network...
[4 / 8] (23:40:34) Integrate network...
[5 / 8] (23:40:48) PCSF...
[6 / 8] (23:41:06) Determine best signaling network...
[7 / 8] (23:41:06) Generate network output...
[8 / 8] (23:41:09) Analyze pathways...
There were 36 warnings (use warnings() to see them)
	Command being timed: "Rscript /fs/home/liuzhaoyang/project/cci_evaluation/scripts/run_cytotalk.R -a Fibroblasts -b Endothelial -i ./tools/CytoTalk/input/ -o ./tools/CytoTalk/output/"
	User time (seconds): 2452.51
	System time (seconds): 914.65
	Percent of CPU this job got: 748%
	Elapsed (wall clock) time (h:mm:ss or m:ss): 7:30.01
	Average shared text size (kbytes): 0
	Average unshared data size (kbytes): 0
	Average stack size (kbytes): 0
	Average total size (kbytes): 0
	Maximum resident set size (kbytes): 2122148
	Average resident set size (kbytes): 0
	Major (requiring I/O) page faults: 0
	Minor (reclaiming a frame) page faults: 24839190
	Voluntary context switches: 633638
	Involuntary context switches: 3330975
	Swaps: 0
	File system inputs: 0
	File system outputs: 32752
	Socket messages sent: 0
	Socket messages received: 0
	Signals delivered: 0
	Page size (bytes): 4096
	Exit status: 0
