nohup: ignoring input
[1 / 8] (23:35:15) Preprocessing...
[2 / 8] (23:35:28) Mutual information matrix...
[3 / 8] (23:37:13) Indirect edge-filtered network...
[4 / 8] (23:37:14) Integrate network...
[5 / 8] (23:37:21) PCSF...
[6 / 8] (23:37:25) Determine best signaling network...
[7 / 8] (23:37:26) Generate network output...
[8 / 8] (23:37:27) Analyze pathways...
	Command being timed: "Rscript /fs/home/liuzhaoyang/project/cci_evaluation/scripts/run_cytotalk.R -a Fibroblasts -b Muscle -i ./tools/CytoTalk/input/ -o ./tools/CytoTalk/output/"
	User time (seconds): 827.50
	System time (seconds): 299.89
	Percent of CPU this job got: 552%
	Elapsed (wall clock) time (h:mm:ss or m:ss): 3:24.17
	Average shared text size (kbytes): 0
	Average unshared data size (kbytes): 0
	Average stack size (kbytes): 0
	Average total size (kbytes): 0
	Maximum resident set size (kbytes): 1893948
	Average resident set size (kbytes): 0
	Major (requiring I/O) page faults: 0
	Minor (reclaiming a frame) page faults: 20928847
	Voluntary context switches: 485718
	Involuntary context switches: 424555
	Swaps: 0
	File system inputs: 16
	File system outputs: 17024
	Socket messages sent: 0
	Socket messages received: 0
	Signals delivered: 0
	Page size (bytes): 4096
	Exit status: 0
