nohup: ignoring input
[1 / 8] (23:31:15) Preprocessing...
[2 / 8] (23:31:29) Mutual information matrix...
[3 / 8] (23:33:28) Indirect edge-filtered network...
[4 / 8] (23:33:28) Integrate network...
[5 / 8] (23:33:35) PCSF...
[6 / 8] (23:33:40) Determine best signaling network...
[7 / 8] (23:33:40) Generate network output...
[8 / 8] (23:33:42) Analyze pathways...
There were 36 warnings (use warnings() to see them)
	Command being timed: "Rscript /fs/home/liuzhaoyang/project/cci_evaluation/scripts/run_cytotalk.R -a Fibroblasts -b Neural -i ./tools/CytoTalk/input/ -o ./tools/CytoTalk/output/"
	User time (seconds): 911.02
	System time (seconds): 336.32
	Percent of CPU this job got: 545%
	Elapsed (wall clock) time (h:mm:ss or m:ss): 3:48.61
	Average shared text size (kbytes): 0
	Average unshared data size (kbytes): 0
	Average stack size (kbytes): 0
	Average total size (kbytes): 0
	Maximum resident set size (kbytes): 1634268
	Average resident set size (kbytes): 0
	Major (requiring I/O) page faults: 0
	Minor (reclaiming a frame) page faults: 21476634
	Voluntary context switches: 480640
	Involuntary context switches: 4906834
	Swaps: 0
	File system inputs: 0
	File system outputs: 18008
	Socket messages sent: 0
	Socket messages received: 0
	Signals delivered: 0
	Page size (bytes): 4096
	Exit status: 0
