nohup: ignoring input
[1 / 8] (23:31:18) Preprocessing...
[2 / 8] (23:31:38) Mutual information matrix...
[3 / 8] (23:36:32) Indirect edge-filtered network...
[4 / 8] (23:36:35) Integrate network...
[5 / 8] (23:36:48) PCSF...
[6 / 8] (23:37:00) Determine best signaling network...
[7 / 8] (23:37:00) Generate network output...
[8 / 8] (23:37:02) Analyze pathways...
	Command being timed: "Rscript /fs/home/liuzhaoyang/project/cci_evaluation/scripts/run_cytotalk.R -a Fibroblasts -b Epithelial -i ./tools/CytoTalk/input/ -o ./tools/CytoTalk/output/"
	User time (seconds): 2425.35
	System time (seconds): 815.14
	Percent of CPU this job got: 719%
	Elapsed (wall clock) time (h:mm:ss or m:ss): 7:30.21
	Average shared text size (kbytes): 0
	Average unshared data size (kbytes): 0
	Average stack size (kbytes): 0
	Average total size (kbytes): 0
	Maximum resident set size (kbytes): 1933156
	Average resident set size (kbytes): 0
	Major (requiring I/O) page faults: 0
	Minor (reclaiming a frame) page faults: 23474660
	Voluntary context switches: 553281
	Involuntary context switches: 17979592
	Swaps: 0
	File system inputs: 288
	File system outputs: 36464
	Socket messages sent: 0
	Socket messages received: 0
	Signals delivered: 0
	Page size (bytes): 4096
	Exit status: 0
