nohup: ignoring input
[1 / 8] (23:59:23) Preprocessing...
[2 / 8] (23:59:35) Mutual information matrix...
[3 / 8] (00:05:24) Indirect edge-filtered network...
[4 / 8] (00:05:28) Integrate network...
[5 / 8] (00:05:50) PCSF...
[6 / 8] (00:06:09) Determine best signaling network...
[7 / 8] (00:06:09) Generate network output...
[8 / 8] (00:06:17) Analyze pathways...
	Command being timed: "Rscript /fs/home/liuzhaoyang/project/cci_evaluation/scripts/run_cytotalk.R -a Myofibroblast_Mesothelium -b Endothelial -i ./tools/CytoTalk/input/ -o ./tools/CytoTalk/output/"
	User time (seconds): 2658.89
	System time (seconds): 1370.81
	Percent of CPU this job got: 823%
	Elapsed (wall clock) time (h:mm:ss or m:ss): 8:09.20
	Average shared text size (kbytes): 0
	Average unshared data size (kbytes): 0
	Average stack size (kbytes): 0
	Average total size (kbytes): 0
	Maximum resident set size (kbytes): 1726240
	Average resident set size (kbytes): 0
	Major (requiring I/O) page faults: 0
	Minor (reclaiming a frame) page faults: 27945456
	Voluntary context switches: 508825
	Involuntary context switches: 65756732
	Swaps: 0
	File system inputs: 0
	File system outputs: 37704
	Socket messages sent: 0
	Socket messages received: 0
	Signals delivered: 0
	Page size (bytes): 4096
	Exit status: 0
