nohup: ignoring input
[1 / 8] (23:53:53) Preprocessing...
[2 / 8] (23:54:05) Mutual information matrix...
[3 / 8] (23:56:24) Indirect edge-filtered network...
[4 / 8] (23:56:25) Integrate network...
[5 / 8] (23:56:40) PCSF...
[6 / 8] (23:56:48) Determine best signaling network...
[7 / 8] (23:56:48) Generate network output...
[8 / 8] (23:56:50) Analyze pathways...
	Command being timed: "Rscript /fs/home/liuzhaoyang/project/cci_evaluation/scripts/run_cytotalk.R -a Neural -b Myofibroblast_Mesothelium -i ./tools/CytoTalk/input/ -o ./tools/CytoTalk/output/"
	User time (seconds): 1111.81
	System time (seconds): 1146.60
	Percent of CPU this job got: 884%
	Elapsed (wall clock) time (h:mm:ss or m:ss): 4:15.22
	Average shared text size (kbytes): 0
	Average unshared data size (kbytes): 0
	Average stack size (kbytes): 0
	Average total size (kbytes): 0
	Maximum resident set size (kbytes): 1245712
	Average resident set size (kbytes): 0
	Major (requiring I/O) page faults: 0
	Minor (reclaiming a frame) page faults: 24287819
	Voluntary context switches: 485023
	Involuntary context switches: 37911704
	Swaps: 0
	File system inputs: 0
	File system outputs: 22488
	Socket messages sent: 0
	Socket messages received: 0
	Signals delivered: 0
	Page size (bytes): 4096
	Exit status: 0
