nohup: ignoring input
[1 / 8] (23:55:18) Preprocessing...
[2 / 8] (23:55:28) Mutual information matrix...
[3 / 8] (23:57:54) Indirect edge-filtered network...
[4 / 8] (23:57:55) Integrate network...
[5 / 8] (23:58:06) PCSF...
[6 / 8] (23:58:12) Determine best signaling network...
[7 / 8] (23:58:12) Generate network output...
[8 / 8] (23:58:15) Analyze pathways...
There were 36 warnings (use warnings() to see them)
	Command being timed: "Rscript /fs/home/liuzhaoyang/project/cci_evaluation/scripts/run_cytotalk.R -a Neural -b Muscle -i ./tools/CytoTalk/input/ -o ./tools/CytoTalk/output/"
	User time (seconds): 1137.66
	System time (seconds): 658.98
	Percent of CPU this job got: 732%
	Elapsed (wall clock) time (h:mm:ss or m:ss): 4:05.39
	Average shared text size (kbytes): 0
	Average unshared data size (kbytes): 0
	Average stack size (kbytes): 0
	Average total size (kbytes): 0
	Maximum resident set size (kbytes): 1487800
	Average resident set size (kbytes): 0
	Major (requiring I/O) page faults: 0
	Minor (reclaiming a frame) page faults: 24236904
	Voluntary context switches: 514057
	Involuntary context switches: 11295298
	Swaps: 0
	File system inputs: 0
	File system outputs: 18176
	Socket messages sent: 0
	Socket messages received: 0
	Signals delivered: 0
	Page size (bytes): 4096
	Exit status: 0
