nohup: ignoring input
[1 / 8] (23:54:18) Preprocessing...
[2 / 8] (23:54:28) Mutual information matrix...
[3 / 8] (23:59:52) Indirect edge-filtered network...
[4 / 8] (23:59:56) Integrate network...
[5 / 8] (00:00:30) PCSF...
[6 / 8] (00:00:47) Determine best signaling network...
[7 / 8] (00:00:47) Generate network output...
[8 / 8] (00:00:53) Analyze pathways...
	Command being timed: "Rscript /fs/home/liuzhaoyang/project/cci_evaluation/scripts/run_cytotalk.R -a Neural -b Endothelial -i ./tools/CytoTalk/input/ -o ./tools/CytoTalk/output/"
	User time (seconds): 2784.54
	System time (seconds): 2216.91
	Percent of CPU this job got: 1036%
	Elapsed (wall clock) time (h:mm:ss or m:ss): 8:02.53
	Average shared text size (kbytes): 0
	Average unshared data size (kbytes): 0
	Average stack size (kbytes): 0
	Average total size (kbytes): 0
	Maximum resident set size (kbytes): 1755264
	Average resident set size (kbytes): 0
	Major (requiring I/O) page faults: 0
	Minor (reclaiming a frame) page faults: 27466864
	Voluntary context switches: 723470
	Involuntary context switches: 142291069
	Swaps: 0
	File system inputs: 0
	File system outputs: 33872
	Socket messages sent: 0
	Socket messages received: 0
	Signals delivered: 0
	Page size (bytes): 4096
	Exit status: 0
