nohup: ignoring input
[1 / 8] (23:58:10) Preprocessing...
[2 / 8] (23:58:19) Mutual information matrix...
[3 / 8] (00:00:07) Indirect edge-filtered network...
[4 / 8] (00:00:08) Integrate network...
[5 / 8] (00:00:29) PCSF...
[6 / 8] (00:00:35) Determine best signaling network...
[7 / 8] (00:00:36) Generate network output...
[8 / 8] (00:00:37) Analyze pathways...
	Command being timed: "Rscript /fs/home/liuzhaoyang/project/cci_evaluation/scripts/run_cytotalk.R -a Neural -b Immune -i ./tools/CytoTalk/input/ -o ./tools/CytoTalk/output/"
	User time (seconds): 897.76
	System time (seconds): 1242.40
	Percent of CPU this job got: 945%
	Elapsed (wall clock) time (h:mm:ss or m:ss): 3:46.35
	Average shared text size (kbytes): 0
	Average unshared data size (kbytes): 0
	Average stack size (kbytes): 0
	Average total size (kbytes): 0
	Maximum resident set size (kbytes): 1413824
	Average resident set size (kbytes): 0
	Major (requiring I/O) page faults: 0
	Minor (reclaiming a frame) page faults: 22396558
	Voluntary context switches: 540751
	Involuntary context switches: 107258288
	Swaps: 0
	File system inputs: 0
	File system outputs: 18312
	Socket messages sent: 0
	Socket messages received: 0
	Signals delivered: 0
	Page size (bytes): 4096
	Exit status: 0
