nohup: ignoring input
[1 / 8] (23:22:21) Preprocessing...
[2 / 8] (23:22:33) Mutual information matrix...
[3 / 8] (23:25:06) Indirect edge-filtered network...
[4 / 8] (23:25:08) Integrate network...
[5 / 8] (23:25:16) PCSF...
[6 / 8] (23:25:24) Determine best signaling network...
[7 / 8] (23:25:24) Generate network output...
[8 / 8] (23:25:27) Analyze pathways...
	Command being timed: "Rscript /fs/home/liuzhaoyang/project/cci_evaluation/scripts/run_cytotalk.R -a Pericytes -b Myofibroblast_Mesothelium -i ./tools/CytoTalk/input/ -o ./tools/CytoTalk/output/"
	User time (seconds): 1251.75
	System time (seconds): 467.75
	Percent of CPU this job got: 588%
	Elapsed (wall clock) time (h:mm:ss or m:ss): 4:51.97
	Average shared text size (kbytes): 0
	Average unshared data size (kbytes): 0
	Average stack size (kbytes): 0
	Average total size (kbytes): 0
	Maximum resident set size (kbytes): 1531976
	Average resident set size (kbytes): 0
	Major (requiring I/O) page faults: 0
	Minor (reclaiming a frame) page faults: 24490620
	Voluntary context switches: 639958
	Involuntary context switches: 959371
	Swaps: 0
	File system inputs: 0
	File system outputs: 24272
	Socket messages sent: 0
	Socket messages received: 0
	Signals delivered: 0
	Page size (bytes): 4096
	Exit status: 0
