nohup: ignoring input
[1 / 8] (23:18:50) Preprocessing...
[2 / 8] (23:19:00) Mutual information matrix...
[3 / 8] (23:21:53) Indirect edge-filtered network...
[4 / 8] (23:21:55) Integrate network...
[5 / 8] (23:22:03) PCSF...
[6 / 8] (23:22:09) Determine best signaling network...
[7 / 8] (23:22:09) Generate network output...
[8 / 8] (23:22:11) Analyze pathways...
	Command being timed: "Rscript /fs/home/liuzhaoyang/project/cci_evaluation/scripts/run_cytotalk.R -a Pericytes -b Neural -i ./tools/CytoTalk/input/ -o ./tools/CytoTalk/output/"
	User time (seconds): 1375.52
	System time (seconds): 424.96
	Percent of CPU this job got: 578%
	Elapsed (wall clock) time (h:mm:ss or m:ss): 5:11.06
	Average shared text size (kbytes): 0
	Average unshared data size (kbytes): 0
	Average stack size (kbytes): 0
	Average total size (kbytes): 0
	Maximum resident set size (kbytes): 1462160
	Average resident set size (kbytes): 0
	Major (requiring I/O) page faults: 0
	Minor (reclaiming a frame) page faults: 22662526
	Voluntary context switches: 589254
	Involuntary context switches: 867748
	Swaps: 0
	File system inputs: 0
	File system outputs: 20704
	Socket messages sent: 0
	Socket messages received: 0
	Signals delivered: 0
	Page size (bytes): 4096
	Exit status: 0
