nohup: ignoring input
Loading required package: parallel

Attaching package: ‘BiocGenerics’

The following objects are masked from ‘package:parallel’:

    clusterApply, clusterApplyLB, clusterCall, clusterEvalQ,
    clusterExport, clusterMap, parApply, parCapply, parLapply,
    parLapplyLB, parRapply, parSapply, parSapplyLB

The following objects are masked from ‘package:stats’:

    IQR, mad, sd, var, xtabs

The following objects are masked from ‘package:base’:

    anyDuplicated, append, as.data.frame, basename, cbind, colnames,
    dirname, do.call, duplicated, eval, evalq, Filter, Find, get, grep,
    grepl, intersect, is.unsorted, lapply, Map, mapply, match, mget,
    order, paste, pmax, pmax.int, pmin, pmin.int, Position, rank,
    rbind, Reduce, rownames, sapply, setdiff, sort, table, tapply,
    union, unique, unsplit, which.max, which.min

Loading required package: AnnotationDbi
Loading required package: stats4
Loading required package: Biobase
Welcome to Bioconductor

    Vignettes contain introductory material; view with
    'browseVignettes()'. To cite Bioconductor, see
    'citation("Biobase")', and for packages 'citation("pkgname")'.

Loading required package: IRanges
Loading required package: S4Vectors

Attaching package: ‘S4Vectors’

The following objects are masked from ‘package:base’:

    expand.grid, I, unname




Attaching package: ‘dplyr’

The following object is masked from ‘package:AnnotationDbi’:

    select

The following objects are masked from ‘package:IRanges’:

    collapse, desc, intersect, setdiff, slice, union

The following objects are masked from ‘package:S4Vectors’:

    first, intersect, rename, setdiff, setequal, union

The following object is masked from ‘package:Biobase’:

    combine

The following objects are masked from ‘package:BiocGenerics’:

    combine, intersect, setdiff, union

The following objects are masked from ‘package:stats’:

    filter, lag

The following objects are masked from ‘package:base’:

    intersect, setdiff, setequal, union


Attaching package: ‘gridExtra’

The following object is masked from ‘package:dplyr’:

    combine

The following object is masked from ‘package:Biobase’:

    combine

The following object is masked from ‘package:BiocGenerics’:

    combine

Attaching SeuratObject
[1] "############ ------------- icellnet --------------- ############"
[1] ">>> loading library and data <<< [2022-08-03 08:26:49]"
[1] ">>> generate Seurat object <<< [2022-08-03 08:27:18]"
[1] ">>> start ICELLNET workflow (sc.data.cleaning) <<< [2022-08-03 08:27:19]"
[1] "Filling in intermediate table: percentage of expressing cell per cluster per gene, and mean of expression"
[1] "Intermediate table were saved as scRNAseq_statsInfo_for_ICELLNET.csv."
[1] "Filtering done"
[1] ">>> Go through each cell types <<< [2022-08-03 08:29:10]"
Note: Check that PC.data and/or CC.data contains rownames. Ignore this note if this is the case 
[1] ">>> Endothelialvs others finished <<< [2022-08-03 08:29:11]"
Note: Check that PC.data and/or CC.data contains rownames. Ignore this note if this is the case 
[1] ">>> Epithelialvs others finished <<< [2022-08-03 08:29:12]"
Note: Check that PC.data and/or CC.data contains rownames. Ignore this note if this is the case 
[1] ">>> Fibroblastsvs others finished <<< [2022-08-03 08:29:14]"
Note: Check that PC.data and/or CC.data contains rownames. Ignore this note if this is the case 
[1] ">>> Immunevs others finished <<< [2022-08-03 08:29:15]"
Note: Check that PC.data and/or CC.data contains rownames. Ignore this note if this is the case 
[1] ">>> Musclevs others finished <<< [2022-08-03 08:29:16]"
Note: Check that PC.data and/or CC.data contains rownames. Ignore this note if this is the case 
[1] ">>> Myofibroblast_Mesotheliumvs others finished <<< [2022-08-03 08:29:17]"
Note: Check that PC.data and/or CC.data contains rownames. Ignore this note if this is the case 
[1] ">>> Neuralvs others finished <<< [2022-08-03 08:29:19]"
Note: Check that PC.data and/or CC.data contains rownames. Ignore this note if this is the case 
[1] ">>> Pericytesvs others finished <<< [2022-08-03 08:29:20]"
There were 50 or more warnings (use warnings() to see the first 50)
	Command being timed: "Rscript /fs/home/liuzhaoyang/project/cci_evaluation/scripts/run_icellnet_refine.R -c ./data/processed/sc_norm.tsv -m ./data/processed/sc_meta.tsv -o ./tools/icellnet/output/"
	User time (seconds): 156.84
	System time (seconds): 14.10
	Percent of CPU this job got: 100%
	Elapsed (wall clock) time (h:mm:ss or m:ss): 2:49.99
	Average shared text size (kbytes): 0
	Average unshared data size (kbytes): 0
	Average stack size (kbytes): 0
	Average total size (kbytes): 0
	Maximum resident set size (kbytes): 2764844
	Average resident set size (kbytes): 0
	Major (requiring I/O) page faults: 155
	Minor (reclaiming a frame) page faults: 1672391
	Voluntary context switches: 2398
	Involuntary context switches: 262996
	Swaps: 0
	File system inputs: 127136
	File system outputs: 1056
	Socket messages sent: 0
	Socket messages received: 0
	Signals delivered: 0
	Page size (bytes): 4096
	Exit status: 0
